<?xml version="1.0" encoding="UTF-8"?>
<testsuite name="MutableMatrixTest" tests="22" skipped="0" failures="0" errors="0" timestamp="2023-04-14T14:28:01" hostname="WIN-EG7UMJB3GFR" time="0.358">
  <properties/>
  <testcase name="multiplication_EmptyMatrix_notOk()" classname="MutableMatrixTest" time="0.116"/>
  <testcase name="multiplication_nullMatrix_notOk()" classname="MutableMatrixTest" time="0.002"/>
  <testcase name="createMatrix_array_ok()" classname="MutableMatrixTest" time="0.072"/>
  <testcase name="setByRandomElements_ok()" classname="MutableMatrixTest" time="0.002"/>
  <testcase name="setElement_nullElement_notOk()" classname="MutableMatrixTest" time="0.002"/>
  <testcase name="getElement_incorrectIndexes_notOk()" classname="MutableMatrixTest" time="0.024"/>
  <testcase name="setColumn_incorrectColumnLength_notOk()" classname="MutableMatrixTest" time="0.025"/>
  <testcase name="setElement_IncorrectIndexes_notOk()" classname="MutableMatrixTest" time="0.017"/>
  <testcase name="createMatrix_ok()" classname="MutableMatrixTest" time="0.002"/>
  <testcase name="getColumn_incorrectIndex_notOk()" classname="MutableMatrixTest" time="0.003"/>
  <testcase name="createMatrix_matrix_Ok()" classname="MutableMatrixTest" time="0.001"/>
  <testcase name="setRow_incorrectRowLength_notOk()" classname="MutableMatrixTest" time="0.014"/>
  <testcase name="multiplication_correctMatrix_ok()" classname="MutableMatrixTest" time="0.003"/>
  <testcase name="getRow_incorrectIndex_notOk()" classname="MutableMatrixTest" time="0.005"/>
  <testcase name="multiplication_MatrixWithIncorrectSize_notOk()" classname="MutableMatrixTest" time="0.006"/>
  <testcase name="getElement_correctIndexes_ok()" classname="MutableMatrixTest" time="0.001"/>
  <testcase name="setColumn_correctColumn_ok()" classname="MutableMatrixTest" time="0.0"/>
  <testcase name="setColumn_incorrectColumnIndex_notOk()" classname="MutableMatrixTest" time="0.003"/>
  <testcase name="setRow_correctRow_ok()" classname="MutableMatrixTest" time="0.001"/>
  <testcase name="createEmptyMatrix_ok()" classname="MutableMatrixTest" time="0.001"/>
  <testcase name="setRow_incorrectRowIndex_notOk()" classname="MutableMatrixTest" time="0.002"/>
  <testcase name="setElement_correctElement_ok()" classname="MutableMatrixTest" time="0.001"/>
  <system-out><![CDATA[1
2
]]></system-out>
  <system-err><![CDATA[]]></system-err>
</testsuite>
